<beans xmlns="http://www.springframework.org/schema/beans"
  xmlns:xsi="http://www.w3.org/2001/XMLSchema-instance" xmlns:context="http://www.springframework.org/schema/context"
  xmlns:jee="http://www.springframework.org/schema/jee" xmlns:util="http://www.springframework.org/schema/util"
  xmlns:mvc="http://www.springframework.org/schema/mvc" xmlns:oxm="http://www.springframework.org/schema/oxm"
  xsi:schemaLocation="
  http://www.springframework.org/schema/mvc
  http://www.springframework.org/schema/mvc/spring-mvc-3.0.xsd
  http://www.springframework.org/schema/beans
  http://www.springframework.org/schema/beans/spring-beans-3.0.xsd
  http://www.springframework.org/schema/context
  http://www.springframework.org/schema/context/spring-context-3.0.xsd
  http://www.springframework.org/schema/jee
  http://www.springframework.org/schema/jee/spring-jee-3.0.xsd
  http://www.springframework.org/schema/oxm
  http://www.springframework.org/schema/oxm/spring-oxm-3.0.xsd
  http://www.springframework.org/schema/util
  http://www.springframework.org/schema/util/spring-util-3.0.xsd">

  <context:component-scan base-package="demo.controller" />

</beans>